<?xml version="1.0" encoding="UTF-8"?>
<!-- Generated by org.testng.reporters.JUnitReportReporter -->
<testsuite skipped="0" hostname="ASDP1731PO02529" name="Test.TestCases" tests="7" failures="0" timestamp="26 Jul 2017 08:04:50 GMT" time="9.239" errors="0">
  <testcase name="driver" time="2.632" classname="Test.TestCases"/>
  <testcase name="choose" time="3.339" classname="Test.TestCases"/>
  <testcase name="findGreen" time="0.194" classname="Test.TestCases"/>
  <testcase name="findMatch" time="1.042" classname="Test.TestCases"/>
  <testcase name="dragAndDrop" time="0.302" classname="Test.TestCases"/>
  <testcase name="enterData" time="1.454" classname="Test.TestCases"/>
  <testcase name="generateToken" time="0.276" classname="Test.TestCases"/>
</testsuite> <!-- Test.TestCases -->
